2024-05-15 16:31:58,281 

new run ------------------------------------------------------------------------------
2024-05-15 16:31:58,281 Data folder = data/graph_data
2024-05-15 16:31:58,281 K = 4
2024-05-15 16:31:58,281 E = 0.8
2024-05-15 16:31:58,281 Q = 10
2024-05-15 16:31:58,281 A = 10
2024-05-15 16:31:58,282 B = 1
2024-05-15 16:31:58,282 Y = 2
2024-05-15 16:31:58,282 X = 1
2024-05-15 16:31:58,282 Number of Routes = 8
2024-05-15 16:31:58,282 Max Route Length = None
2024-05-15 16:31:58,282 Stop clause = 3
2024-05-15 16:31:58,282 Folds = 1
2024-05-15 16:31:58,282 Recombination = False
2024-05-15 16:31:58,282 

------------ FOLD 0 ----------------
2024-05-15 16:31:59,250 bus route 0 : [13, 12, 10, 9, 6, 14, 7, 5, 2, 1, 0]
2024-05-15 16:31:59,250 bus route 1 : [4, 1, 3, 5, 14, 8]
2024-05-15 16:31:59,250 bus route 2 : [12, 13, 9, 10, 11, 3, 4, 1, 2, 5, 14, 6]
2024-05-15 16:31:59,251 bus route 3 : [4, 3, 1, 2, 5, 7, 9, 12, 13]
2024-05-15 16:31:59,251 bus route 4 : [4, 1, 3, 11, 10, 12, 13, 9, 7, 5, 2]
2024-05-15 16:31:59,251 bus route 5 : [11, 10, 9, 6, 14, 5, 3, 4, 1, 2]
2024-05-15 16:31:59,251 bus route 6 : [4, 3, 1, 2, 5, 14, 6, 9, 13, 12, 10, 11]
2024-05-15 16:31:59,251 bus route 7 : [7, 14, 5, 3, 11, 10, 9, 13, 12]
2024-05-15 16:31:59,251 with fitness 82320
2024-05-15 16:31:59,251 with d0 94.79768786127167
2024-05-15 16:31:59,251 with d1 5.202312138728324
2024-05-15 16:31:59,251 with d2 0.0
2024-05-15 16:31:59,251 with dun 0.0
2024-05-15 16:31:59,251 with att 10.574181117533719
2024-05-15 16:31:59,251 This fold took 0.9692637920379639 seconds
